Performing C SOURCE FILE Test CMAKE_HAVE_LIBC_PTHREAD failed with the following output:
Change Dir: /home/euris/Developers/crystal/CMakeFiles/CMakeTmp

Run Build Command(s):/usr/bin/make -f Makefile cmTC_53a30/fast && /usr/bin/make  -f CMakeFiles/cmTC_53a30.dir/build.make CMakeFiles/cmTC_53a30.dir/build
make[1]: Entering directory '/home/euris/Developers/crystal/CMakeFiles/CMakeTmp'
Building C object CMakeFiles/cmTC_53a30.dir/src.c.o
/usr/bin/cc -DCMAKE_HAVE_LIBC_PTHREAD  -Wall -g -O2  -o CMakeFiles/cmTC_53a30.dir/src.c.o -c /home/euris/Developers/crystal/CMakeFiles/CMakeTmp/src.c
Linking C executable cmTC_53a30
/usr/bin/cmake -E cmake_link_script CMakeFiles/cmTC_53a30.dir/link.txt --verbose=1
/usr/bin/cc  -Wall -g -O2  -rdynamic CMakeFiles/cmTC_53a30.dir/src.c.o -o cmTC_53a30 
/usr/bin/ld: CMakeFiles/cmTC_53a30.dir/src.c.o: in function `main':
/home/euris/Developers/crystal/CMakeFiles/CMakeTmp/src.c:11: undefined reference to `pthread_create'
/usr/bin/ld: /home/euris/Developers/crystal/CMakeFiles/CMakeTmp/src.c:12: undefined reference to `pthread_detach'
/usr/bin/ld: /home/euris/Developers/crystal/CMakeFiles/CMakeTmp/src.c:13: undefined reference to `pthread_cancel'
/usr/bin/ld: /home/euris/Developers/crystal/CMakeFiles/CMakeTmp/src.c:14: undefined reference to `pthread_join'
collect2: error: ld returned 1 exit status
make[1]: *** [CMakeFiles/cmTC_53a30.dir/build.make:99: cmTC_53a30] Error 1
make[1]: Leaving directory '/home/euris/Developers/crystal/CMakeFiles/CMakeTmp'
make: *** [Makefile:127: cmTC_53a30/fast] Error 2


Source file was:
#include <pthread.h>

static void* test_func(void* data)
{
  return data;
}

int main(void)
{
  pthread_t thread;
  pthread_create(&thread, NULL, test_func, NULL);
  pthread_detach(thread);
  pthread_cancel(thread);
  pthread_join(thread, NULL);
  pthread_atfork(NULL, NULL, NULL);
  pthread_exit(NULL);

  return 0;
}

Determining if the function pthread_create exists in the pthreads failed with the following output:
Change Dir: /home/euris/Developers/crystal/CMakeFiles/CMakeTmp

Run Build Command(s):/usr/bin/make -f Makefile cmTC_91969/fast && /usr/bin/make  -f CMakeFiles/cmTC_91969.dir/build.make CMakeFiles/cmTC_91969.dir/build
make[1]: Entering directory '/home/euris/Developers/crystal/CMakeFiles/CMakeTmp'
Building C object CMakeFiles/cmTC_91969.dir/CheckFunctionExists.c.o
/usr/bin/cc   -Wall -g -O2 -DCHECK_FUNCTION_EXISTS=pthread_create -o CMakeFiles/cmTC_91969.dir/CheckFunctionExists.c.o -c /usr/share/cmake-3.21/Modules/CheckFunctionExists.c
Linking C executable cmTC_91969
/usr/bin/cmake -E cmake_link_script CMakeFiles/cmTC_91969.dir/link.txt --verbose=1
/usr/bin/cc  -Wall -g -O2 -DCHECK_FUNCTION_EXISTS=pthread_create -rdynamic CMakeFiles/cmTC_91969.dir/CheckFunctionExists.c.o -o cmTC_91969  -lpthreads 
/usr/bin/ld: cannot find -lpthreads
collect2: error: ld returned 1 exit status
make[1]: *** [CMakeFiles/cmTC_91969.dir/build.make:99: cmTC_91969] Error 1
make[1]: Leaving directory '/home/euris/Developers/crystal/CMakeFiles/CMakeTmp'
make: *** [Makefile:127: cmTC_91969/fast] Error 2



